-- Install configuration: ""
-- Execute custom install script
-- Up-to-date symlink: /home/alejandro/diff_ws/install/diff_pkg/share/diff_pkg/config/empty.yaml
-- Up-to-date symlink: /home/alejandro/diff_ws/install/diff_pkg/share/diff_pkg/config/gaz_ros2_ctl_use_sim.yaml
-- Up-to-date symlink: /home/alejandro/diff_ws/install/diff_pkg/share/diff_pkg/config/gazebo_params.yaml
-- Up-to-date symlink: /home/alejandro/diff_ws/install/diff_pkg/share/diff_pkg/config/joystick.yaml
-- Up-to-date symlink: /home/alejandro/diff_ws/install/diff_pkg/share/diff_pkg/config/keepout_params.yaml
-- Up-to-date symlink: /home/alejandro/diff_ws/install/diff_pkg/share/diff_pkg/config/keepout_params_sim.yaml
-- Up-to-date symlink: /home/alejandro/diff_ws/install/diff_pkg/share/diff_pkg/config/mapper_params_online_async.yaml
-- Up-to-date symlink: /home/alejandro/diff_ws/install/diff_pkg/share/diff_pkg/config/mapper_params_online_async_sim.yaml
-- Up-to-date symlink: /home/alejandro/diff_ws/install/diff_pkg/share/diff_pkg/config/my_controller.yaml
-- Up-to-date symlink: /home/alejandro/diff_ws/install/diff_pkg/share/diff_pkg/config/nav2_params.yaml
-- Up-to-date symlink: /home/alejandro/diff_ws/install/diff_pkg/share/diff_pkg/config/nav2_params_sim.yaml
-- Up-to-date symlink: /home/alejandro/diff_ws/install/diff_pkg/share/diff_pkg/config/robot_mapping.rviz
-- Up-to-date symlink: /home/alejandro/diff_ws/install/diff_pkg/share/diff_pkg/config/robot_navigation.rviz
-- Up-to-date symlink: /home/alejandro/diff_ws/install/diff_pkg/share/diff_pkg/config/twist_mux.yaml
-- Up-to-date symlink: /home/alejandro/diff_ws/install/diff_pkg/share/diff_pkg/description/gazebo_control.xacro
-- Up-to-date symlink: /home/alejandro/diff_ws/install/diff_pkg/share/diff_pkg/description/inertial_macros.xacro
-- Up-to-date symlink: /home/alejandro/diff_ws/install/diff_pkg/share/diff_pkg/description/lidar.xacro
-- Up-to-date symlink: /home/alejandro/diff_ws/install/diff_pkg/share/diff_pkg/description/robot.urdf.xacro
-- Up-to-date symlink: /home/alejandro/diff_ws/install/diff_pkg/share/diff_pkg/description/robot_core.xacro
-- Up-to-date symlink: /home/alejandro/diff_ws/install/diff_pkg/share/diff_pkg/description/ros2_control.xacro
-- Up-to-date symlink: /home/alejandro/diff_ws/install/diff_pkg/share/diff_pkg/launch/bringup.launch.py
-- Up-to-date symlink: /home/alejandro/diff_ws/install/diff_pkg/share/diff_pkg/launch/bringup_launch_sim.py
-- Up-to-date symlink: /home/alejandro/diff_ws/install/diff_pkg/share/diff_pkg/launch/costmap_filter_info.launch.py
-- Up-to-date symlink: /home/alejandro/diff_ws/install/diff_pkg/share/diff_pkg/launch/costmap_filter_info_launch_sim.py
-- Up-to-date symlink: /home/alejandro/diff_ws/install/diff_pkg/share/diff_pkg/launch/joystick.launch.py
-- Up-to-date symlink: /home/alejandro/diff_ws/install/diff_pkg/share/diff_pkg/launch/launch_robot.launch.py
-- Up-to-date symlink: /home/alejandro/diff_ws/install/diff_pkg/share/diff_pkg/launch/launch_sim.launch.py
-- Up-to-date symlink: /home/alejandro/diff_ws/install/diff_pkg/share/diff_pkg/launch/localization_launch.py
-- Up-to-date symlink: /home/alejandro/diff_ws/install/diff_pkg/share/diff_pkg/launch/localization_launch_sim.py
-- Up-to-date symlink: /home/alejandro/diff_ws/install/diff_pkg/share/diff_pkg/launch/navigation_launch.py
-- Up-to-date symlink: /home/alejandro/diff_ws/install/diff_pkg/share/diff_pkg/launch/navigation_launch_sim.py
-- Up-to-date symlink: /home/alejandro/diff_ws/install/diff_pkg/share/diff_pkg/launch/online_async_launch.py
-- Up-to-date symlink: /home/alejandro/diff_ws/install/diff_pkg/share/diff_pkg/launch/online_async_launch_sim.py
-- Up-to-date symlink: /home/alejandro/diff_ws/install/diff_pkg/share/diff_pkg/launch/rplidar.launch.py
-- Up-to-date symlink: /home/alejandro/diff_ws/install/diff_pkg/share/diff_pkg/launch/rsp.launch.py
-- Up-to-date symlink: /home/alejandro/diff_ws/install/diff_pkg/share/diff_pkg/launch/rviz.launch.py
-- Up-to-date symlink: /home/alejandro/diff_ws/install/diff_pkg/share/diff_pkg/launch/slam_launch.py
-- Up-to-date symlink: /home/alejandro/diff_ws/install/diff_pkg/share/diff_pkg/maps/audi_map_save.pgm
-- Up-to-date symlink: /home/alejandro/diff_ws/install/diff_pkg/share/diff_pkg/maps/audi_map_save.yaml
-- Up-to-date symlink: /home/alejandro/diff_ws/install/diff_pkg/share/diff_pkg/maps/audi_map_saveo.pgm
-- Up-to-date symlink: /home/alejandro/diff_ws/install/diff_pkg/share/diff_pkg/maps/audi_map_serial.data
-- Up-to-date symlink: /home/alejandro/diff_ws/install/diff_pkg/share/diff_pkg/maps/audi_map_serial.posegraph
-- Up-to-date symlink: /home/alejandro/diff_ws/install/diff_pkg/share/diff_pkg/maps/pesados_keepout_mask.pgm
-- Up-to-date symlink: /home/alejandro/diff_ws/install/diff_pkg/share/diff_pkg/maps/pesados_keepout_mask.yaml
-- Up-to-date symlink: /home/alejandro/diff_ws/install/diff_pkg/share/diff_pkg/maps/pesados_map_save.pgm
-- Up-to-date symlink: /home/alejandro/diff_ws/install/diff_pkg/share/diff_pkg/maps/pesados_map_save.yaml
-- Up-to-date symlink: /home/alejandro/diff_ws/install/diff_pkg/share/diff_pkg/maps/pesados_map_serial.data
-- Up-to-date symlink: /home/alejandro/diff_ws/install/diff_pkg/share/diff_pkg/maps/pesados_map_serial.posegraph
-- Up-to-date symlink: /home/alejandro/diff_ws/install/diff_pkg/share/diff_pkg/maps/salon122_map_save.pgm
-- Up-to-date symlink: /home/alejandro/diff_ws/install/diff_pkg/share/diff_pkg/maps/salon122_map_save.yaml
-- Up-to-date symlink: /home/alejandro/diff_ws/install/diff_pkg/share/diff_pkg/maps/salon122_map_serial.data
-- Up-to-date symlink: /home/alejandro/diff_ws/install/diff_pkg/share/diff_pkg/maps/salon122_map_serial.posegraph
-- Up-to-date symlink: /home/alejandro/diff_ws/install/diff_pkg/share/diff_pkg/maps/sim_keepout_mask.pgm
-- Up-to-date symlink: /home/alejandro/diff_ws/install/diff_pkg/share/diff_pkg/maps/sim_keepout_mask.yaml
-- Up-to-date symlink: /home/alejandro/diff_ws/install/diff_pkg/share/diff_pkg/maps/sim_map_save.pgm
-- Up-to-date symlink: /home/alejandro/diff_ws/install/diff_pkg/share/diff_pkg/maps/sim_map_save.yaml
-- Up-to-date symlink: /home/alejandro/diff_ws/install/diff_pkg/share/diff_pkg/maps/sim_map_serial.data
-- Up-to-date symlink: /home/alejandro/diff_ws/install/diff_pkg/share/diff_pkg/maps/sim_map_serial.posegraph
-- Up-to-date symlink: /home/alejandro/diff_ws/install/diff_pkg/share/diff_pkg/worlds/testing.world
-- Up-to-date symlink: /home/alejandro/diff_ws/install/diff_pkg/share/ament_index/resource_index/package_run_dependencies/diff_pkg
-- Up-to-date symlink: /home/alejandro/diff_ws/install/diff_pkg/share/ament_index/resource_index/parent_prefix_path/diff_pkg
-- Up-to-date symlink: /home/alejandro/diff_ws/install/diff_pkg/share/diff_pkg/environment/ament_prefix_path.sh
-- Up-to-date symlink: /home/alejandro/diff_ws/install/diff_pkg/share/diff_pkg/environment/ament_prefix_path.dsv
-- Up-to-date symlink: /home/alejandro/diff_ws/install/diff_pkg/share/diff_pkg/environment/path.sh
-- Up-to-date symlink: /home/alejandro/diff_ws/install/diff_pkg/share/diff_pkg/environment/path.dsv
-- Up-to-date symlink: /home/alejandro/diff_ws/install/diff_pkg/share/diff_pkg/local_setup.bash
-- Up-to-date symlink: /home/alejandro/diff_ws/install/diff_pkg/share/diff_pkg/local_setup.sh
-- Up-to-date symlink: /home/alejandro/diff_ws/install/diff_pkg/share/diff_pkg/local_setup.zsh
-- Up-to-date symlink: /home/alejandro/diff_ws/install/diff_pkg/share/diff_pkg/local_setup.dsv
-- Symlinking: /home/alejandro/diff_ws/install/diff_pkg/share/diff_pkg/package.dsv
-- Up-to-date symlink: /home/alejandro/diff_ws/install/diff_pkg/share/ament_index/resource_index/packages/diff_pkg
-- Up-to-date symlink: /home/alejandro/diff_ws/install/diff_pkg/share/diff_pkg/cmake/diff_pkgConfig.cmake
-- Up-to-date symlink: /home/alejandro/diff_ws/install/diff_pkg/share/diff_pkg/cmake/diff_pkgConfig-version.cmake
-- Up-to-date symlink: /home/alejandro/diff_ws/install/diff_pkg/share/diff_pkg/package.xml
