running develop
/usr/lib/python3/dist-packages/setuptools/command/easy_install.py:158: EasyInstallDeprecationWarning: easy_install command is deprecated. Use build and pip and other standards-based tools.
  warnings.warn(
/usr/lib/python3/dist-packages/setuptools/command/install.py:34: SetuptoolsDeprecationWarning: setup.py install is deprecated. Use build and pip and other standards-based tools.
  warnings.warn(
/usr/lib/python3/dist-packages/pkg_resources/__init__.py:116: PkgResourcesDeprecationWarning: 1.1build1 is an invalid version and will not be supported in a future release
  warnings.warn(
running egg_info
writing robot_interface.egg-info/PKG-INFO
writing dependency_links to robot_interface.egg-info/dependency_links.txt
writing entry points to robot_interface.egg-info/entry_points.txt
writing requirements to robot_interface.egg-info/requires.txt
writing top-level names to robot_interface.egg-info/top_level.txt
reading manifest file 'robot_interface.egg-info/SOURCES.txt'
writing manifest file 'robot_interface.egg-info/SOURCES.txt'
running build_ext
Creating /home/alejandro/diff_ws/install/robot_interface/lib/python3.10/site-packages/robot-interface.egg-link (link to .)
Installing robot_interface script to /home/alejandro/diff_ws/install/robot_interface/lib/robot_interface

Installed /home/alejandro/diff_ws/build/robot_interface
running install_data
