[0.812s] Invoking command in '/home/alejandro/diff_ws/build/robot_interface': PYTHONPATH=/home/alejandro/diff_ws/build/robot_interface/prefix_override:/home/alejandro/diff_ws/install/robot_interface/lib/python3.10/site-packages:${PYTHONPATH} /usr/bin/python3 setup.py develop --editable --build-directory /home/alejandro/diff_ws/build/robot_interface/build --no-deps install_data
[1.020s] running develop
[1.027s] /usr/lib/python3/dist-packages/setuptools/command/easy_install.py:158: EasyInstallDeprecationWarning: easy_install command is deprecated. Use build and pip and other standards-based tools.
[1.027s]   warnings.warn(
[1.028s] /usr/lib/python3/dist-packages/setuptools/command/install.py:34: SetuptoolsDeprecationWarning: setup.py install is deprecated. Use build and pip and other standards-based tools.
[1.028s]   warnings.warn(
[1.078s] /usr/lib/python3/dist-packages/pkg_resources/__init__.py:116: PkgResourcesDeprecationWarning: 1.1build1 is an invalid version and will not be supported in a future release
[1.078s]   warnings.warn(
[1.165s] running egg_info
[1.165s] writing robot_interface.egg-info/PKG-INFO
[1.165s] writing dependency_links to robot_interface.egg-info/dependency_links.txt
[1.165s] writing entry points to robot_interface.egg-info/entry_points.txt
[1.166s] writing requirements to robot_interface.egg-info/requires.txt
[1.166s] writing top-level names to robot_interface.egg-info/top_level.txt
[1.167s] reading manifest file 'robot_interface.egg-info/SOURCES.txt'
[1.167s] writing manifest file 'robot_interface.egg-info/SOURCES.txt'
[1.168s] running build_ext
[1.168s] Creating /home/alejandro/diff_ws/install/robot_interface/lib/python3.10/site-packages/robot-interface.egg-link (link to .)
[1.169s] Installing robot_interface script to /home/alejandro/diff_ws/install/robot_interface/lib/robot_interface
[1.169s] 
[1.169s] Installed /home/alejandro/diff_ws/build/robot_interface
[1.169s] running install_data
[1.198s] Invoked command in '/home/alejandro/diff_ws/build/robot_interface' returned '0': PYTHONPATH=/home/alejandro/diff_ws/build/robot_interface/prefix_override:/home/alejandro/diff_ws/install/robot_interface/lib/python3.10/site-packages:${PYTHONPATH} /usr/bin/python3 setup.py develop --editable --build-directory /home/alejandro/diff_ws/build/robot_interface/build --no-deps install_data
