running develop
/usr/lib/python3/dist-packages/setuptools/command/easy_install.py:158: EasyInstallDeprecationWarning: easy_install command is deprecated. Use build and pip and other standards-based tools.
  warnings.warn(
/usr/lib/python3/dist-packages/setuptools/command/install.py:34: SetuptoolsDeprecationWarning: setup.py install is deprecated. Use build and pip and other standards-based tools.
  warnings.warn(
/usr/lib/python3/dist-packages/pkg_resources/__init__.py:116: PkgResourcesDeprecationWarning: 1.1build1 is an invalid version and will not be supported in a future release
  warnings.warn(
running egg_info
writing follow_waypoints.egg-info/PKG-INFO
writing dependency_links to follow_waypoints.egg-info/dependency_links.txt
writing entry points to follow_waypoints.egg-info/entry_points.txt
writing requirements to follow_waypoints.egg-info/requires.txt
writing top-level names to follow_waypoints.egg-info/top_level.txt
reading manifest file 'follow_waypoints.egg-info/SOURCES.txt'
writing manifest file 'follow_waypoints.egg-info/SOURCES.txt'
running build_ext
Creating /home/alejandro/diff_ws/install/follow_waypoints/lib/python3.10/site-packages/follow-waypoints.egg-link (link to .)
Installing follow_waypoints_exe script to /home/alejandro/diff_ws/install/follow_waypoints/lib/follow_waypoints

Installed /home/alejandro/diff_ws/build/follow_waypoints
running install_data
creating /home/alejandro/diff_ws/install/follow_waypoints/share/ament_index
creating /home/alejandro/diff_ws/install/follow_waypoints/share/ament_index/resource_index
creating /home/alejandro/diff_ws/install/follow_waypoints/share/ament_index/resource_index/packages
copying resource/follow_waypoints -> /home/alejandro/diff_ws/install/follow_waypoints/share/ament_index/resource_index/packages
copying package.xml -> /home/alejandro/diff_ws/install/follow_waypoints/share/follow_waypoints
