running develop
running egg_info
creating robot_interface.egg-info
writing robot_interface.egg-info/PKG-INFO
writing dependency_links to robot_interface.egg-info/dependency_links.txt
writing entry points to robot_interface.egg-info/entry_points.txt
writing requirements to robot_interface.egg-info/requires.txt
writing top-level names to robot_interface.egg-info/top_level.txt
writing manifest file 'robot_interface.egg-info/SOURCES.txt'
reading manifest file 'robot_interface.egg-info/SOURCES.txt'
writing manifest file 'robot_interface.egg-info/SOURCES.txt'
running build_ext
Creating /home/alejandro/diff_ws/install/robot_interface/lib/python3.10/site-packages/robot-interface.egg-link (link to .)
Installing robot_interface script to /home/alejandro/diff_ws/install/robot_interface/lib/robot_interface

Installed /home/alejandro/diff_ws/build/robot_interface
running install_data
creating /home/alejandro/diff_ws/install/robot_interface/share/ament_index
creating /home/alejandro/diff_ws/install/robot_interface/share/ament_index/resource_index
creating /home/alejandro/diff_ws/install/robot_interface/share/ament_index/resource_index/packages
copying resource/robot_interface -> /home/alejandro/diff_ws/install/robot_interface/share/ament_index/resource_index/packages
copying package.xml -> /home/alejandro/diff_ws/install/robot_interface/share/robot_interface
