[0.833s] Invoking command in '/home/alejandro/diff_ws/build/robot_interface': PYTHONPATH=/home/alejandro/diff_ws/build/robot_interface/prefix_override:/home/alejandro/diff_ws/install/robot_interface/lib/python3.10/site-packages:${PYTHONPATH} /usr/bin/python3 setup.py develop --editable --build-directory /home/alejandro/diff_ws/build/robot_interface/build --no-deps install_data
[1.049s] running develop
[1.057s] /usr/lib/python3/dist-packages/setuptools/command/easy_install.py:158: EasyInstallDeprecationWarning: easy_install command is deprecated. Use build and pip and other standards-based tools.
[1.057s]   warnings.warn(
[1.058s] /usr/lib/python3/dist-packages/setuptools/command/install.py:34: SetuptoolsDeprecationWarning: setup.py install is deprecated. Use build and pip and other standards-based tools.
[1.058s]   warnings.warn(
[1.105s] /usr/lib/python3/dist-packages/pkg_resources/__init__.py:116: PkgResourcesDeprecationWarning: 1.1build1 is an invalid version and will not be supported in a future release
[1.105s]   warnings.warn(
[1.189s] running egg_info
[1.189s] creating robot_interface.egg-info
[1.190s] writing robot_interface.egg-info/PKG-INFO
[1.190s] writing dependency_links to robot_interface.egg-info/dependency_links.txt
[1.190s] writing entry points to robot_interface.egg-info/entry_points.txt
[1.190s] writing requirements to robot_interface.egg-info/requires.txt
[1.190s] writing top-level names to robot_interface.egg-info/top_level.txt
[1.191s] writing manifest file 'robot_interface.egg-info/SOURCES.txt'
[1.192s] reading manifest file 'robot_interface.egg-info/SOURCES.txt'
[1.192s] writing manifest file 'robot_interface.egg-info/SOURCES.txt'
[1.194s] running build_ext
[1.194s] Creating /home/alejandro/diff_ws/install/robot_interface/lib/python3.10/site-packages/robot-interface.egg-link (link to .)
[1.194s] Installing robot_interface script to /home/alejandro/diff_ws/install/robot_interface/lib/robot_interface
[1.194s] 
[1.195s] Installed /home/alejandro/diff_ws/build/robot_interface
[1.195s] running install_data
[1.195s] creating /home/alejandro/diff_ws/install/robot_interface/share/ament_index
[1.195s] creating /home/alejandro/diff_ws/install/robot_interface/share/ament_index/resource_index
[1.195s] creating /home/alejandro/diff_ws/install/robot_interface/share/ament_index/resource_index/packages
[1.195s] copying resource/robot_interface -> /home/alejandro/diff_ws/install/robot_interface/share/ament_index/resource_index/packages
[1.195s] copying package.xml -> /home/alejandro/diff_ws/install/robot_interface/share/robot_interface
[1.243s] Invoked command in '/home/alejandro/diff_ws/build/robot_interface' returned '0': PYTHONPATH=/home/alejandro/diff_ws/build/robot_interface/prefix_override:/home/alejandro/diff_ws/install/robot_interface/lib/python3.10/site-packages:${PYTHONPATH} /usr/bin/python3 setup.py develop --editable --build-directory /home/alejandro/diff_ws/build/robot_interface/build --no-deps install_data
